Arguments: 
  D:\nodejs\node.exe C:\Users\si-7\AppData\Roaming\npm\node_modules\yarn\bin\yarn.js publish

PATH: 
  C:\Program Files\Eclipse Adoptium\jdk-17.0.5.8-hotspot\bin;C:\Python311\Scripts\;C:\Python311\;C:\ProgramData\Oracle\Java\javapath;C:\Windows\system32;C:\Windows;C:\Windows\System32\Wbem;C:\Windows\System32\WindowsPowerShell\v1.0\;C:\Windows\System32\OpenSSH\;C:\Program Files\dotnet\;C:\Program Files\Microsoft SQL Server\130\Tools\Binn\;C:\Program Files (x86)\ZeroTier\One\;C:\Program Files\NVIDIA Corporation\NVIDIA NvDLISR;D:\Aldec\Active-HDL 7.2\BIN;C:\Program Files\Git\cmd;C:\Program Files (x86)\NVIDIA Corporation\PhysX\Common;D:\nodejs\;C:\ProgramData\chocolatey\bin;;C:\WINDOWS\system32;C:\WINDOWS;C:\WINDOWS\System32\Wbem;C:\WINDOWS\System32\WindowsPowerShell\v1.0\;C:\WINDOWS\System32\OpenSSH\;D:\PuTTY\;C:\Users\si-7\AppData\Local\Programs\Python\Python38\Scripts\;C:\Users\si-7\AppData\Local\Programs\Python\Python38\;C:\Users\si-7\AppData\Local\Microsoft\WindowsApps;C:\Users\si-7\.dotnet\tools;D:\JetBrains\PyCharm Community Edition 2020.3.3\bin;;D:\Microsoft VS Code\bin;C:\Users\si-7\AppData\Roaming\npm;

Yarn version: 
  1.22.19

Node version: 
  18.12.1

Platform: 
  win32 x64

Trace: 
  Error: canceled
      at Interface.<anonymous> (C:\Users\si-7\AppData\Roaming\npm\node_modules\yarn\lib\cli.js:137150:13)
      at Interface.emit (node:events:513:28)
      at [_ttyWrite] [as _ttyWrite] (node:internal/readline/interface:1124:18)
      at ReadStream.onkeypress (node:internal/readline/interface:273:20)
      at ReadStream.emit (node:events:513:28)
      at emitKeys (node:internal/readline/utils:357:14)
      at emitKeys.next (<anonymous>)
      at ReadStream.onData (node:internal/readline/emitKeypressEvents:64:36)
      at ReadStream.emit (node:events:513:28)
      at addChunk (node:internal/streams/readable:324:12)

npm manifest: 
  {
    "name": "lancer-data-rus",
    "version": "1.0.4",
    "description": "Data for the LANCER TTRPG",
    "main": "index.js",
    "repository": "https://github.com/Si-7/lancer-data-rus.git",
    "directories": {
      "lib": "lib"
    },
    "author": "Si-7",
    "license": "GPL-3.0-or-later"
  }

yarn manifest: 
  No manifest

Lockfile: 
  No lockfile
